============================= test session starts ==============================
platform linux -- Python 3.12.12, pytest-8.3.4, pluggy-1.6.0
benchmark: 5.2.3 (defaults: timer=time.perf_counter disable_gc=False min_rounds=5 min_time=0.000005 max_time=1.0 calibration_precision=10 warmup=False warmup_iterations=100000)
rootdir: /tmp/211-ai-implementation-worktrees/wallet-110-attempt-10-1778197887/ipfs_datasets_py
configfile: pytest.ini
plugins: asyncio-1.3.0, anyio-4.12.1, pyfakefs-6.0.0, xdist-3.8.0, Faker-40.1.2, timeout-2.4.0, base-url-2.1.0, hypothesis-6.151.9, playwright-0.7.2, respx-0.21.1, benchmark-5.2.3, trio-0.8.0, cov-7.0.0
asyncio: mode=Mode.AUTO, debug=False, asyncio_default_fixture_loop_scope=function, asyncio_default_test_loop_scope=function
collected 222 items

ipfs_datasets_py/tests/unit/test_data_wallet.py ........................ [ 10%]
.................................................                        [ 32%]
ipfs_datasets_py/tests/mcp/test_wallet_tools.py ........................ [ 43%]
....                                                                     [ 45%]
ipfs_datasets_py/tests/mcp/unit/test_hierarchical_tool_manager.py ...... [ 48%]
.............................                                            [ 61%]
ipfs_datasets_py ....................................................... [ 86%]
...............s...............                                          [100%]

======================= 221 passed, 1 skipped in 10.17s ========================
